<?xml version="1.0" encoding="UTF-8" ?>
<testsuite tests="2" failures="0" name="com.itheima.test.DaoTest" time="1.525" errors="0" skipped="0">
  <properties>
    <property name="java.runtime.name" value="Java(TM) SE Runtime Environment"/>
    <property name="sun.boot.library.path" value="E:\study\soft\JDK8\jre\bin"/>
    <property name="java.vm.version" value="25.162-b12"/>
    <property name="java.vm.vendor" value="Oracle Corporation"/>
    <property name="maven.multiModuleProjectDirectory" value="E:\study\code\JavaWeb\day46_ssm_parent"/>
    <property name="java.vendor.url" value="http://java.oracle.com/"/>
    <property name="path.separator" value=";"/>
    <property name="guice.disable.misplaced.annotation.check" value="true"/>
    <property name="java.vm.name" value="Java HotSpot(TM) 64-Bit Server VM"/>
    <property name="file.encoding.pkg" value="sun.io"/>
    <property name="user.script" value=""/>
    <property name="user.country" value="CN"/>
    <property name="sun.java.launcher" value="SUN_STANDARD"/>
    <property name="sun.os.patch.level" value=""/>
    <property name="java.vm.specification.name" value="Java Virtual Machine Specification"/>
    <property name="user.dir" value="E:\study\code\JavaWeb\day46_ssm_parent"/>
    <property name="java.runtime.version" value="1.8.0_162-b12"/>
    <property name="java.awt.graphicsenv" value="sun.awt.Win32GraphicsEnvironment"/>
    <property name="java.endorsed.dirs" value="E:\study\soft\JDK8\jre\lib\endorsed"/>
    <property name="os.arch" value="amd64"/>
    <property name="java.io.tmpdir" value="C:\Users\JF\AppData\Local\Temp\"/>
    <property name="line.separator" value="
"/>
    <property name="java.vm.specification.vendor" value="Oracle Corporation"/>
    <property name="user.variant" value=""/>
    <property name="os.name" value="Windows 10"/>
    <property name="maven.ext.class.path" value="E:\study\soft\IDEA2020.1.3\IntelliJ IDEA 2020.1.3\plugins\maven\lib\maven-event-listener.jar"/>
    <property name="archetypeCatalog" value="internal"/>
    <property name="classworlds.conf" value="E:\study\soft\apache-maven-3.5.3\bin\m2.conf"/>
    <property name="sun.jnu.encoding" value="GBK"/>
    <property name="java.library.path" value="E:\study\soft\JDK8\bin;C:\WINDOWS\Sun\Java\bin;C:\WINDOWS\system32;C:\WINDOWS;E:\study\soft\VM\bin\;E:\study\soft\JDK8\bin;E:\study\soft\JDK8\jre\bin;E:\study\soft\mysql-5.7.29-winx64\bin;E:\study\soft\apache-maven-3.5.3\bin;C:\WINDOWS\system32;C:\WINDOWS;C:\WINDOWS\System32\Wbem;C:\WINDOWS\System32\WindowsPowerShell\v1.0\;C:\WINDOWS\System32\OpenSSH\;C:\Program Files\NVIDIA Corporation\NVIDIA NvDLISR;C:\Program Files (x86)\NVIDIA Corporation\PhysX\Common;E:\study\soft\TortoiseSVN\bin;E:\study\soft\VisualSVN-Server\bin;C:\Users\JF\AppData\Local\Microsoft\WindowsApps;;."/>
    <property name="maven.conf" value="E:\study\soft\apache-maven-3.5.3/conf"/>
    <property name="java.specification.name" value="Java Platform API Specification"/>
    <property name="java.class.version" value="52.0"/>
    <property name="sun.management.compiler" value="HotSpot 64-Bit Tiered Compilers"/>
    <property name="maven.repo.local" value="E:\study\code\repository"/>
    <property name="os.version" value="10.0"/>
    <property name="user.home" value="C:\Users\JF"/>
    <property name="user.timezone" value="Asia/Shanghai"/>
    <property name="java.awt.printerjob" value="sun.awt.windows.WPrinterJob"/>
    <property name="java.specification.version" value="1.8"/>
    <property name="file.encoding" value="UTF-8"/>
    <property name="user.name" value="JF"/>
    <property name="java.class.path" value="E:\study\soft\apache-maven-3.5.3\boot\plexus-classworlds-2.5.2.jar;E:\study\soft\IDEA2020.1.3\IntelliJ IDEA 2020.1.3\lib\idea_rt.jar"/>
    <property name="java.vm.specification.version" value="1.8"/>
    <property name="sun.arch.data.model" value="64"/>
    <property name="java.home" value="E:\study\soft\JDK8\jre"/>
    <property name="sun.java.command" value="org.codehaus.classworlds.Launcher -Didea.version2020.1.3 -s E:\study\soft\apache-maven-3.5.3\conf\settings.xml -Dmaven.repo.local=E:\study\code\repository install"/>
    <property name="java.specification.vendor" value="Oracle Corporation"/>
    <property name="user.language" value="zh"/>
    <property name="idea.version2020.1.3" value="true"/>
    <property name="awt.toolkit" value="sun.awt.windows.WToolkit"/>
    <property name="java.vm.info" value="mixed mode"/>
    <property name="java.version" value="1.8.0_162"/>
    <property name="java.ext.dirs" value="E:\study\soft\JDK8\jre\lib\ext;C:\WINDOWS\Sun\Java\lib\ext"/>
    <property name="sun.boot.class.path" value="E:\study\soft\JDK8\jre\lib\resources.jar;E:\study\soft\JDK8\jre\lib\rt.jar;E:\study\soft\JDK8\jre\lib\sunrsasign.jar;E:\study\soft\JDK8\jre\lib\jsse.jar;E:\study\soft\JDK8\jre\lib\jce.jar;E:\study\soft\JDK8\jre\lib\charsets.jar;E:\study\soft\JDK8\jre\lib\jfr.jar;E:\study\soft\JDK8\jre\classes"/>
    <property name="java.vendor" value="Oracle Corporation"/>
    <property name="maven.home" value="E:\study\soft\apache-maven-3.5.3"/>
    <property name="file.separator" value="\"/>
    <property name="java.vendor.url.bug" value="http://bugreport.sun.com/bugreport/"/>
    <property name="sun.cpu.endian" value="little"/>
    <property name="sun.io.unicode.encoding" value="UnicodeLittle"/>
    <property name="sun.desktop" value="windows"/>
    <property name="sun.cpu.isalist" value="amd64"/>
  </properties>
  <testcase classname="com.itheima.test.DaoTest" name="testDao" time="1.414"/>
  <testcase classname="com.itheima.test.DaoTest" name="testFindAll" time="0.111"/>
</testsuite>